<?xml version="1.0" encoding="UTF-8"?>
<testng-results ignored="0" total="1" passed="1" failed="0" skipped="0">
  <reporter-output>
  </reporter-output>
  <suite started-at="2022-04-30T08:59:15 IST" name="Default suite" finished-at="2022-04-30T08:59:46 IST" duration-ms="30855">
    <groups>
    </groups>
    <test started-at="2022-04-30T08:59:15 IST" name="Default test" finished-at="2022-04-30T08:59:46 IST" duration-ms="30855">
      <class name="guru99.NewCustomer">
        <test-method is-config="true" signature="setup()[pri:0, instance:guru99.NewCustomer@41fecb8b]" started-at="2022-04-30T08:59:15 IST" name="setup" finished-at="2022-04-30T08:59:22 IST" duration-ms="6924" status="PASS">
          <reporter-output>
          </reporter-output>
        </test-method> <!-- setup -->
        <test-method signature="addNewCustomer()[pri:0, instance:guru99.NewCustomer@41fecb8b]" started-at="2022-04-30T08:59:22 IST" name="addNewCustomer" finished-at="2022-04-30T08:59:45 IST" duration-ms="23579" status="PASS">
          <reporter-output>
          </reporter-output>
        </test-method> <!-- addNewCustomer -->
        <test-method is-config="true" signature="terminate()[pri:0, instance:guru99.NewCustomer@41fecb8b]" started-at="2022-04-30T08:59:45 IST" name="terminate" finished-at="2022-04-30T08:59:46 IST" duration-ms="303" status="PASS">
          <reporter-output>
          </reporter-output>
        </test-method> <!-- terminate -->
      </class> <!-- guru99.NewCustomer -->
    </test> <!-- Default test -->
  </suite> <!-- Default suite -->
</testng-results>
